Log file open, 05/07/18 11:31:13
LogWindows: Failed to load 'aqProf.dll' (GetLastError=126)
LogWindows: File 'aqProf.dll' does not exist
LogWindows: Failed to load 'VtuneApi.dll' (GetLastError=126)
LogWindows: File 'VtuneApi.dll' does not exist
LogWindows: Failed to load 'VtuneApi32e.dll' (GetLastError=126)
LogWindows: File 'VtuneApi32e.dll' does not exist
LogInit: Display: Running engine for game: BRG_Project
LogPlatformFile: Not using cached read wrapper
LogInit: Display: RandInit(-344900628) SRandInit(-344900628).
LogInit: Read version file with build ID '3944462'
LogInit: Overriding engine version to CL 3989454, compatible CL 3944462
LogInit: Registered custom module enumerator with build ID '3944462'
LogTaskGraph: Started task graph with 5 named threads and 14 total threads with 3 sets of task threads.
LogStats: Stats thread started at 0.161918
LogD3D11RHI: Aftermath initialized
LogICUInternationalization: Display: ICU TimeZone Detection - Raw Offset: +1:00, Platform Override: ''
LogPluginManager: Mounting plugin Paper2D
LogPluginManager: Mounting plugin LiveLink
LogPluginManager: Mounting plugin LightPropagationVolume
LogPluginManager: Mounting plugin CLionSourceCodeAccess
LogPluginManager: Mounting plugin CodeLiteSourceCodeAccess
LogPluginManager: Mounting plugin GitSourceControl
LogPluginManager: Mounting plugin KDevelopSourceCodeAccess
LogPluginManager: Mounting plugin NullSourceCodeAccess
LogPluginManager: Mounting plugin PerforceSourceControl
LogPluginManager: Mounting plugin SubversionSourceControl
LogPluginManager: Mounting plugin UObjectPlugin
LogPluginManager: Mounting plugin VisualStudioCodeSourceCodeAccess
LogPluginManager: Mounting plugin VisualStudioSourceCodeAccess
LogPluginManager: Mounting plugin XCodeSourceCodeAccess
LogPluginManager: Mounting plugin AssetManagerEditor
LogPluginManager: Mounting plugin CryptoKeys
LogPluginManager: Mounting plugin DataValidation
LogPluginManager: Mounting plugin FacialAnimation
LogPluginManager: Mounting plugin GameplayTagsEditor
LogPluginManager: Mounting plugin MobileLauncherProfileWizard
LogPluginManager: Mounting plugin PluginBrowser
LogPluginManager: Mounting plugin SpeedTreeImporter
LogPluginManager: Mounting plugin DatasmithContent
LogPluginManager: Mounting plugin AlembicImporter
LogPluginManager: Mounting plugin CharacterAI
LogPluginManager: Mounting plugin HTML5Networking
LogPluginManager: Mounting plugin AndroidMedia
LogPluginManager: Mounting plugin AvfMedia
LogPluginManager: Mounting plugin ImgMedia
LogPluginManager: Mounting plugin LinearTimecode
LogPluginManager: Mounting plugin MediaCompositing
LogPluginManager: Mounting plugin MediaPlayerEditor
LogPluginManager: Mounting plugin WmfMedia
LogPluginManager: Mounting plugin TcpMessaging
LogPluginManager: Mounting plugin UdpMessaging
LogPluginManager: Mounting plugin ActorSequence
LogPluginManager: Mounting plugin LevelSequenceEditor
LogPluginManager: Mounting plugin MatineeToLevelSequence
LogPluginManager: Mounting plugin NetcodeUnitTest
LogPluginManager: Mounting plugin NUTUnrealEngine4
LogPluginManager: Mounting plugin OnlineSubsystemGooglePlay
LogPluginManager: Mounting plugin OnlineSubsystemIOS
LogPluginManager: Mounting plugin OnlineSubsystem
LogPluginManager: Mounting plugin OnlineSubsystemNull
LogPluginManager: Mounting plugin OnlineSubsystemUtils
LogPluginManager: Mounting plugin AndroidDeviceProfileSelector
LogPluginManager: Mounting plugin AndroidMoviePlayer
LogPluginManager: Mounting plugin AndroidPermission
LogPluginManager: Mounting plugin AppleARKit
LogPluginManager: Mounting plugin AppleMoviePlayer
LogPluginManager: Mounting plugin ArchVisCharacter
LogPluginManager: Mounting plugin AudioCapture
LogPluginManager: Mounting plugin CableComponent
LogPluginManager: Mounting plugin CustomMeshComponent
LogPluginManager: Mounting plugin ExampleDeviceProfileSelector
LogPluginManager: Mounting plugin GoogleCloudMessaging
LogPluginManager: Mounting plugin ImmediatePhysics
LogPluginManager: Mounting plugin IOSDeviceProfileSelector
LogPluginManager: Mounting plugin LinuxDeviceProfileSelector
LogPluginManager: Mounting plugin LocationServicesBPLibrary
LogPluginManager: Mounting plugin MobilePatchingUtils
LogPluginManager: Mounting plugin OculusVR
LogPluginManager: Plugin shader directory ../../../Engine/Plugins/Runtime/Oculus/OculusVR/Shaders found
LogPluginManager: Mapping shader source directory ../../../Engine/Plugins/Runtime/Oculus/OculusVR/Shaders to virtual directory /Plugin/OculusVR
LogPluginManager: Mounting plugin PhysXVehicles
LogPluginManager: Mounting plugin ProceduralMeshComponent
LogPluginManager: Mounting plugin RuntimePhysXCooking
LogPluginManager: Mounting plugin SteamVR
LogPluginManager: Mounting plugin WindowsMoviePlayer
LogStreaming: Display: Took  0.137s to configure plugins.
LogModuleManager: Display: Found up-to-date module file C:/Users/i3/Documents/GitHub/BRG_Project/Binaries/Win64/UE4Editor-BRG_Project.dll (API version 3944462).
LogModuleManager: Display: Found up-to-date module file ../../../Engine/Plugins/2D/Paper2D/Binaries/Win64/UE4Editor-Paper2D.dll (API version 3944462).
LogModuleManager: Display: Found up-to-date module file ../../../Engine/Plugins/2D/Paper2D/Binaries/Win64/UE4Editor-Paper2DEditor.dll (API version 3944462).
LogModuleManager: Display: Found up-to-date module file ../../../Engine/Plugins/2D/Paper2D/Binaries/Win64/UE4Editor-PaperSpriteSheetImporter.dll (API version 3944462).
LogModuleManager: Display: Found up-to-date module file ../../../Engine/Plugins/2D/Paper2D/Binaries/Win64/UE4Editor-PaperTiledImporter.dll (API version 3944462).
LogModuleManager: Display: Found up-to-date module file ../../../Engine/Plugins/2D/Paper2D/Binaries/Win64/UE4Editor-SmartSnapping.dll (API version 3944462).
LogModuleManager: Display: Found up-to-date module file ../../../Engine/Plugins/Animation/LiveLink/Binaries/Win64/UE4Editor-LiveLink.dll (API version 3944462).
LogModuleManager: Display: Found up-to-date module file ../../../Engine/Plugins/Animation/LiveLink/Binaries/Win64/UE4Editor-LiveLinkEditor.dll (API version 3944462).
LogModuleManager: Display: Found up-to-date module file ../../../Engine/Plugins/Blendables/LightPropagationVolume/Binaries/Win64/UE4Editor-LightPropagationVolumeRuntime.dll (API version 3944462).
LogModuleManager: Display: Found up-to-date module file ../../../Engine/Plugins/Blendables/LightPropagationVolume/Binaries/Win64/UE4Editor-LightPropagationVolumeEditor.dll (API version 3944462).
LogModuleManager: Display: Found up-to-date module file ../../../Engine/Plugins/Developer/CLionSourceCodeAccess/Binaries/Win64/UE4Editor-CLionSourceCodeAccess.dll (API version 3944462).
LogModuleManager: Display: Found up-to-date module file ../../../Engine/Plugins/Developer/GitSourceControl/Binaries/Win64/UE4Editor-GitSourceControl.dll (API version 3944462).
LogModuleManager: Display: Found up-to-date module file ../../../Engine/Plugins/Developer/PerforceSourceControl/Binaries/Win64/UE4Editor-PerforceSourceControl.dll (API version 3944462).
LogModuleManager: Display: Found up-to-date module file ../../../Engine/Plugins/Developer/SubversionSourceControl/Binaries/Win64/UE4Editor-SubversionSourceControl.dll (API version 3944462).
LogModuleManager: Display: Found up-to-date module file ../../../Engine/Plugins/Developer/UObjectPlugin/Binaries/Win64/UE4Editor-UObjectPlugin.dll (API version 3944462).
LogModuleManager: Display: Found up-to-date module file ../../../Engine/Plugins/Developer/VisualStudioCodeSourceCodeAccess/Binaries/Win64/UE4Editor-VisualStudioCodeSourceCodeAccess.dll (API version 3944462).
LogModuleManager: Display: Found up-to-date module file ../../../Engine/Plugins/Developer/VisualStudioSourceCodeAccess/Binaries/Win64/UE4Editor-VisualStudioSourceCodeAccess.dll (API version 3944462).
LogModuleManager: Display: Found up-to-date module file ../../../Engine/Plugins/Editor/AssetManagerEditor/Binaries/Win64/UE4Editor-AssetManagerEditor.dll (API version 3944462).
LogModuleManager: Display: Found up-to-date module file ../../../Engine/Plugins/Editor/CryptoKeys/Binaries/Win64/UE4Editor-CryptoKeys.dll (API version 3944462).
LogModuleManager: Display: Found up-to-date module file ../../../Engine/Plugins/Editor/CryptoKeys/Binaries/Win64/UE4Editor-CryptoKeysOpenSSL.dll (API version 3944462).
LogModuleManager: Display: Found up-to-date module file ../../../Engine/Plugins/Editor/DataValidation/Binaries/Win64/UE4Editor-DataValidation.dll (API version 3944462).
LogModuleManager: Display: Found up-to-date module file ../../../Engine/Plugins/Editor/FacialAnimation/Binaries/Win64/UE4Editor-FacialAnimation.dll (API version 3944462).
LogModuleManager: Display: Found up-to-date module file ../../../Engine/Plugins/Editor/FacialAnimation/Binaries/Win64/UE4Editor-FacialAnimationEditor.dll (API version 3944462).
LogModuleManager: Display: Found up-to-date module file ../../../Engine/Plugins/Editor/GameplayTagsEditor/Binaries/Win64/UE4Editor-GameplayTagsEditor.dll (API version 3944462).
LogModuleManager: Display: Found up-to-date module file ../../../Engine/Plugins/Editor/MobileLauncherProfileWizard/Binaries/Win64/UE4Editor-MobileLauncherProfileWizard.dll (API version 3944462).
LogModuleManager: Display: Found up-to-date module file ../../../Engine/Plugins/Editor/PluginBrowser/Binaries/Win64/UE4Editor-PluginBrowser.dll (API version 3944462).
LogModuleManager: Display: Found up-to-date module file ../../../Engine/Plugins/Editor/SpeedTreeImporter/Binaries/Win64/UE4Editor-SpeedTreeImporter.dll (API version 3944462).
LogModuleManager: Display: Found up-to-date module file ../../../Engine/Plugins/Enterprise/DatasmithContent/Binaries/Win64/UE4Editor-DatasmithContent.dll (API version 3944462).
LogModuleManager: Display: Found up-to-date module file ../../../Engine/Plugins/Experimental/AlembicImporter/Binaries/Win64/UE4Editor-AlembicImporter.dll (API version 3944462).
LogModuleManager: Display: Found up-to-date module file ../../../Engine/Plugins/Experimental/AlembicImporter/Binaries/Win64/UE4Editor-AlembicLibrary.dll (API version 3944462).
LogModuleManager: Display: Found up-to-date module file ../../../Engine/Plugins/Experimental/CharacterAI/Binaries/Win64/UE4Editor-CharacterAI.dll (API version 3944462).
LogModuleManager: Display: Found up-to-date module file ../../../Engine/Plugins/Experimental/HTML5Networking/Binaries/Win64/UE4Editor-HTML5Networking.dll (API version 3944462).
LogModuleManager: Display: Found up-to-date module file ../../../Engine/Plugins/Media/AndroidMedia/Binaries/Win64/UE4Editor-AndroidMediaEditor.dll (API version 3944462).
LogModuleManager: Display: Found up-to-date module file ../../../Engine/Plugins/Media/AndroidMedia/Binaries/Win64/UE4Editor-AndroidMediaFactory.dll (API version 3944462).
LogModuleManager: Display: Found up-to-date module file ../../../Engine/Plugins/Media/AvfMedia/Binaries/Win64/UE4Editor-AvfMediaEditor.dll (API version 3944462).
LogModuleManager: Display: Found up-to-date module file ../../../Engine/Plugins/Media/AvfMedia/Binaries/Win64/UE4Editor-AvfMediaFactory.dll (API version 3944462).
LogModuleManager: Display: Found up-to-date module file ../../../Engine/Plugins/Media/AvfMedia/Binaries/Win64/UE4Editor-AvfMediaFactory.dll (API version 3944462).
LogModuleManager: Display: Found up-to-date module file ../../../Engine/Plugins/Media/ImgMedia/Binaries/Win64/UE4Editor-ImgMedia.dll (API version 3944462).
LogModuleManager: Display: Found up-to-date module file ../../../Engine/Plugins/Media/ImgMedia/Binaries/Win64/UE4Editor-ImgMediaEditor.dll (API version 3944462).
LogModuleManager: Display: Found up-to-date module file ../../../Engine/Plugins/Media/ImgMedia/Binaries/Win64/UE4Editor-ImgMediaFactory.dll (API version 3944462).
LogModuleManager: Display: Found up-to-date module file ../../../Engine/Plugins/Media/ImgMedia/Binaries/Win64/UE4Editor-ImgMediaFactory.dll (API version 3944462).
LogModuleManager: Display: Found up-to-date module file ../../../Engine/Plugins/Media/ImgMedia/Binaries/Win64/UE4Editor-OpenExrWrapper.dll (API version 3944462).
LogModuleManager: Display: Found up-to-date module file ../../../Engine/Plugins/Media/LinearTimecode/Binaries/Win64/UE4Editor-LinearTimecode.dll (API version 3944462).
LogModuleManager: Display: Found up-to-date module file ../../../Engine/Plugins/Media/MediaCompositing/Binaries/Win64/UE4Editor-MediaCompositing.dll (API version 3944462).
LogModuleManager: Display: Found up-to-date module file ../../../Engine/Plugins/Media/MediaCompositing/Binaries/Win64/UE4Editor-MediaCompositingEditor.dll (API version 3944462).
LogModuleManager: Display: Found up-to-date module file ../../../Engine/Plugins/Media/MediaPlayerEditor/Binaries/Win64/UE4Editor-MediaPlayerEditor.dll (API version 3944462).
LogModuleManager: Display: Found up-to-date module file ../../../Engine/Plugins/Media/WmfMedia/Binaries/Win64/UE4Editor-WmfMedia.dll (API version 3944462).
LogModuleManager: Display: Found up-to-date module file ../../../Engine/Plugins/Media/WmfMedia/Binaries/Win64/UE4Editor-WmfMediaEditor.dll (API version 3944462).
LogModuleManager: Display: Found up-to-date module file ../../../Engine/Plugins/Media/WmfMedia/Binaries/Win64/UE4Editor-WmfMediaFactory.dll (API version 3944462).
LogModuleManager: Display: Found up-to-date module file ../../../Engine/Plugins/Media/WmfMedia/Binaries/Win64/UE4Editor-WmfMediaFactory.dll (API version 3944462).
LogModuleManager: Display: Found up-to-date module file ../../../Engine/Plugins/Messaging/TcpMessaging/Binaries/Win64/UE4Editor-TcpMessaging.dll (API version 3944462).
LogModuleManager: Display: Found up-to-date module file ../../../Engine/Plugins/Messaging/UdpMessaging/Binaries/Win64/UE4Editor-UdpMessaging.dll (API version 3944462).
LogModuleManager: Display: Found up-to-date module file ../../../Engine/Plugins/MovieScene/ActorSequence/Binaries/Win64/UE4Editor-ActorSequence.dll (API version 3944462).
LogModuleManager: Display: Found up-to-date module file ../../../Engine/Plugins/MovieScene/LevelSequenceEditor/Binaries/Win64/UE4Editor-LevelSequenceEditor.dll (API version 3944462).
LogModuleManager: Display: Found up-to-date module file ../../../Engine/Plugins/MovieScene/MatineeToLevelSequence/Binaries/Win64/UE4Editor-MatineeToLevelSequence.dll (API version 3944462).
LogModuleManager: Display: Found up-to-date module file ../../../Engine/Plugins/NetcodeUnitTest/NetcodeUnitTest/Binaries/Win64/UE4Editor-NetcodeUnitTest.dll (API version 3944462).
LogModuleManager: Display: Found up-to-date module file ../../../Engine/Plugins/NetcodeUnitTest/NUTUnrealEngine4/Binaries/Win64/UE4Editor-NUTUnrealEngine4.dll (API version 3944462).
LogModuleManager: Display: Found up-to-date module file ../../../Engine/Plugins/Online/OnlineSubsystem/Binaries/Win64/UE4Editor-OnlineSubsystem.dll (API version 3944462).
LogModuleManager: Display: Found up-to-date module file ../../../Engine/Plugins/Online/OnlineSubsystemNull/Binaries/Win64/UE4Editor-OnlineSubsystemNull.dll (API version 3944462).
LogModuleManager: Display: Found up-to-date module file ../../../Engine/Plugins/Online/OnlineSubsystemUtils/Binaries/Win64/UE4Editor-OnlineSubsystemUtils.dll (API version 3944462).
LogModuleManager: Display: Found up-to-date module file ../../../Engine/Plugins/Online/OnlineSubsystemUtils/Binaries/Win64/UE4Editor-OnlineBlueprintSupport.dll (API version 3944462).
LogModuleManager: Display: Found up-to-date module file ../../../Engine/Plugins/Runtime/AndroidDeviceProfileSelector/Binaries/Win64/UE4Editor-AndroidDeviceProfileSelector.dll (API version 3944462).
LogModuleManager: Display: Found up-to-date module file ../../../Engine/Plugins/Runtime/AndroidPermission/Binaries/Win64/UE4Editor-AndroidPermission.dll (API version 3944462).
LogModuleManager: Display: Found up-to-date module file ../../../Engine/Plugins/Runtime/AppleARKit/Binaries/Win64/UE4Editor-AppleARKit.dll (API version 3944462).
LogModuleManager: Display: Found up-to-date module file ../../../Engine/Plugins/Runtime/ArchVisCharacter/Binaries/Win64/UE4Editor-ArchVisCharacter.dll (API version 3944462).
LogModuleManager: Display: Found up-to-date module file ../../../Engine/Plugins/Runtime/AudioCapture/Binaries/Win64/UE4Editor-AudioCapture.dll (API version 3944462).
LogModuleManager: Display: Found up-to-date module file ../../../Engine/Plugins/Runtime/AudioCapture/Binaries/Win64/UE4Editor-AudioCaptureEditor.dll (API version 3944462).
LogModuleManager: Display: Found up-to-date module file ../../../Engine/Plugins/Runtime/CableComponent/Binaries/Win64/UE4Editor-CableComponent.dll (API version 3944462).
LogModuleManager: Display: Found up-to-date module file ../../../Engine/Plugins/Runtime/CustomMeshComponent/Binaries/Win64/UE4Editor-CustomMeshComponent.dll (API version 3944462).
LogModuleManager: Display: Found up-to-date module file ../../../Engine/Plugins/Runtime/ExampleDeviceProfileSelector/Binaries/Win64/UE4Editor-ExampleDeviceProfileSelector.dll (API version 3944462).
LogModuleManager: Display: Found up-to-date module file ../../../Engine/Plugins/Runtime/ImmediatePhysics/Binaries/Win64/UE4Editor-ImmediatePhysics.dll (API version 3944462).
LogModuleManager: Display: Found up-to-date module file ../../../Engine/Plugins/Runtime/ImmediatePhysics/Binaries/Win64/UE4Editor-ImmediatePhysicsEditor.dll (API version 3944462).
LogModuleManager: Display: Found up-to-date module file ../../../Engine/Plugins/Runtime/LocationServicesBPLibrary/Binaries/Win64/UE4Editor-LocationServicesBPLibrary.dll (API version 3944462).
LogModuleManager: Display: Found up-to-date module file ../../../Engine/Plugins/Runtime/MobilePatchingUtils/Binaries/Win64/UE4Editor-MobilePatchingUtils.dll (API version 3944462).
LogModuleManager: Display: Found up-to-date module file ../../../Engine/Plugins/Runtime/Oculus/OculusVR/Binaries/Win64/UE4Editor-OculusHMD.dll (API version 3944462).
LogModuleManager: Display: Found up-to-date module file ../../../Engine/Plugins/Runtime/Oculus/OculusVR/Binaries/Win64/UE4Editor-OculusInput.dll (API version 3944462).
LogModuleManager: Display: Found up-to-date module file ../../../Engine/Plugins/Runtime/Oculus/OculusVR/Binaries/Win64/UE4Editor-OculusEditor.dll (API version 3944462).
LogModuleManager: Display: Found up-to-date module file ../../../Engine/Plugins/Runtime/PhysXVehicles/Binaries/Win64/UE4Editor-PhysXVehicles.dll (API version 3944462).
LogModuleManager: Display: Found up-to-date module file ../../../Engine/Plugins/Runtime/PhysXVehicles/Binaries/Win64/UE4Editor-PhysXVehiclesEditor.dll (API version 3944462).
LogModuleManager: Display: Found up-to-date module file ../../../Engine/Plugins/Runtime/ProceduralMeshComponent/Binaries/Win64/UE4Editor-ProceduralMeshComponent.dll (API version 3944462).
LogModuleManager: Display: Found up-to-date module file ../../../Engine/Plugins/Runtime/ProceduralMeshComponent/Binaries/Win64/UE4Editor-ProceduralMeshComponentEditor.dll (API version 3944462).
LogModuleManager: Display: Found up-to-date module file ../../../Engine/Plugins/Runtime/RuntimePhysXCooking/Binaries/Win64/UE4Editor-RuntimePhysXCooking.dll (API version 3944462).
LogModuleManager: Display: Found up-to-date module file ../../../Engine/Plugins/Runtime/Steam/SteamVR/Binaries/Win64/UE4Editor-SteamVR.dll (API version 3944462).
LogModuleManager: Display: Found up-to-date module file ../../../Engine/Plugins/Runtime/Steam/SteamVR/Binaries/Win64/UE4Editor-SteamVRController.dll (API version 3944462).
LogModuleManager: Display: Found up-to-date module file ../../../Engine/Plugins/Runtime/WindowsMoviePlayer/Binaries/Win64/UE4Editor-WindowsMoviePlayer.dll (API version 3944462).
LogInit: Using libcurl 7.47.1
LogInit:  - built for x86_64-pc-win32
LogInit:  - supports SSL with OpenSSL/1.0.2g
LogInit:  - supports HTTP deflate (compression) using libz 1.2.8
LogInit:  - other features:
LogInit:      CURL_VERSION_SSL
LogInit:      CURL_VERSION_LIBZ
LogInit:      CURL_VERSION_IPV6
LogInit:      CURL_VERSION_ASYNCHDNS
LogInit:      CURL_VERSION_LARGEFILE
LogInit:      CURL_VERSION_IDN
LogInit:  CurlRequestOptions (configurable via config and command line):
LogInit:  - bVerifyPeer = false  - Libcurl will NOT verify peer certificate
LogInit:  - bUseHttpProxy = false  - Libcurl will NOT use HTTP proxy
LogInit:  - bDontReuseConnections = false  - Libcurl will reuse connections
LogInit:  - CertBundlePath = nullptr  - Libcurl will use whatever was configured at build time.
LogInit:  - MaxHostConnections = 16  - Libcurl will limit the number of connections to a host
LogInit:  - LocalHostAddr = Default
LogInit: WinSock: version 1.1 (2.2), MaxSocks=32767, MaxUdp=65467
LogInit: WinSock: I am DESKTOP-FKIV5KR (192.168.1.20:0)
LogInit: Build: ++UE4+Release-4.19-CL-3989454
LogInit: Engine Version: 4.19.1-3989454+++UE4+Release-4.19
LogInit: Compatible Engine Version: 4.19.0-3944462+++UE4+Release-4.19
LogInit: Net CL: 3944462
LogDevObjectVersion: Number of dev versions registered: 18
LogDevObjectVersion:   Dev-Blueprints (B0D832E4-1F89-4F0D-ACCF-7EB736FD4AA2): 10
LogDevObjectVersion:   Dev-Build (E1C64328-A22C-4D53-A36C-8E866417BD8C): 0
LogDevObjectVersion:   Dev-Core (375EC13C-06E4-48FB-B500-84F0262A717E): 2
LogDevObjectVersion:   Dev-Editor (E4B068ED-F494-42E9-A231-DA0B2E46BB41): 23
LogDevObjectVersion:   Dev-Framework (CFFC743F-43B0-4480-9391-14DF171D2073): 33
LogDevObjectVersion:   Dev-Mobile (B02B49B5-BB20-44E9-A304-32B752E40360): 2
LogDevObjectVersion:   Dev-Networking (A4E4105C-59A1-49B5-A7C5-40C4547EDFEE): 0
LogDevObjectVersion:   Dev-Online (39C831C9-5AE6-47DC-9A44-9C173E1C8E7C): 0
LogDevObjectVersion:   Dev-Physics (78F01B33-EBEA-4F98-B9B4-84EACCB95AA2): 0
LogDevObjectVersion:   Dev-Platform (6631380F-2D4D-43E0-8009-CF276956A95A): 0
LogDevObjectVersion:   Dev-Rendering (12F88B9F-8875-4AFC-A67C-D90C383ABD29): 25
LogDevObjectVersion:   Dev-Sequencer (7B5AE74C-D270-4C10-A958-57980B212A5A): 6
LogDevObjectVersion:   Dev-VR (D7296918-1DD6-4BDD-9DE2-64A83CC13884): 1
LogDevObjectVersion:   Dev-LoadTimes (C2A15278-BFE7-4AFE-6C17-90FF531DF755): 1
LogDevObjectVersion:   Private-Geometry (6EACA3D4-40EC-4CC1-B786-8BED09428FC5): 2
LogDevObjectVersion:   Dev-AnimPhys (29E575DD-E0A3-4627-9D10-D276232CDCEA): 16
LogDevObjectVersion:   Dev-ReflectionCapture (6B266CEC-1EC7-4B8F-A30B-E4D90942FC07): 1
LogDevObjectVersion:   Dev-Automation (0DF73D61-A23F-47EA-B727-89E90C41499A): 1
LogInit: Compiled (64-bit): Apr  6 2018 12:26:04
LogInit: Compiled with Visual C++: 19.00.24215.01
LogInit: Build Configuration: Development
LogInit: Branch Name: ++UE4+Release-4.19
LogInit: Command Line:  
LogInit: Base Directory: D:/Programy/UNREAL ENIGNE/UE_4.19/Engine/Binaries/Win64/
LogInit: Installed Engine Build: 1
LogStreaming: Display: Took  0.001s to delete old logs.
LogInit: Presizing for max 8388607 objects, including 0 objects not considered by GC, pre-allocating 0 bytes for permanent pool.
LogInit: Object subsystem initialized
[2018.05.07-09.31.14:917][  0]LogInit: Selected Device Profile: [Windows]
[2018.05.07-09.31.14:917][  0]LogInit: Applying CVar settings loaded from the selected device profile: [Windows]
[2018.05.07-09.31.14:973][  0]LogInit: Computer: DESKTOP-FKIV5KR
[2018.05.07-09.31.14:973][  0]LogInit: User: i3
[2018.05.07-09.31.14:973][  0]LogInit: CPU Page size=4096, Cores=4
[2018.05.07-09.31.14:973][  0]LogInit: High frequency timer resolution =3.515630 MHz
[2018.05.07-09.31.14:973][  0]LogMemory: Memory total: Physical=7.9GB (8GB approx)
[2018.05.07-09.31.14:973][  0]LogMemory: Platform Memory Stats for Windows
[2018.05.07-09.31.14:973][  0]LogMemory: Process Physical Memory: 273.26 MB used, 273.26 MB peak
[2018.05.07-09.31.14:973][  0]LogMemory: Process Virtual Memory: 261.88 MB used, 261.88 MB peak
[2018.05.07-09.31.14:973][  0]LogMemory: Physical Memory: 5552.75 MB used,  2574.53 MB free, 8127.29 MB total
[2018.05.07-09.31.14:973][  0]LogMemory: Virtual Memory: 665.28 MB used,  2574.53 MB free, 134217728.00 MB total
[2018.05.07-09.31.14:990][  0]LogInit: Using OS detected language (pl-PL).
[2018.05.07-09.31.14:990][  0]LogInit: Using OS detected locale (pl-PL).
[2018.05.07-09.31.14:992][  0]LogTextLocalizationManager: No localization for 'pl-PL' exists, so 'en' will be used for the language.
[2018.05.07-09.31.15:388][  0]LogStreaming: Display: Took  0.397s to EndInitTextLocalization.
[2018.05.07-09.31.15:388][  0]LogInit: Setting process to per monitor DPI aware
[2018.05.07-09.31.15:412][  0]LogSlate: New Slate User Created.  User Index 0, Is Virtual User: 0
[2018.05.07-09.31.15:412][  0]LogSlate: Slate User Registered.  User Index 0, Is Virtual User: 0
[2018.05.07-09.31.15:568][  0]LogD3D11RHI: D3D11 adapters:
[2018.05.07-09.31.15:633][  0]LogD3D11RHI:    0. 'NVIDIA GeForce GTX 1080' (Feature Level 11_0)
[2018.05.07-09.31.15:633][  0]LogD3D11RHI:       8079/0/4063 MB DedicatedVideo/DedicatedSystem/SharedSystem, Outputs:1, VendorId:0x10de
[2018.05.07-09.31.15:635][  0]LogD3D11RHI:    1. 'Microsoft Basic Render Driver' (Feature Level 11_0)
[2018.05.07-09.31.15:635][  0]LogD3D11RHI:       0/0/4063 MB DedicatedVideo/DedicatedSystem/SharedSystem, Outputs:0, VendorId:0x1414
[2018.05.07-09.31.15:635][  0]LogD3D11RHI: Chosen D3D11 Adapter: 0
[2018.05.07-09.31.15:642][  0]LogD3D11RHI: Creating new Direct3DDevice
[2018.05.07-09.31.15:642][  0]LogD3D11RHI:     GPU DeviceId: 0x1b80 (for the marketing name, search the web for "GPU Device Id")
[2018.05.07-09.31.15:642][  0]LogWindows: EnumDisplayDevices:
[2018.05.07-09.31.15:642][  0]LogWindows:    0. 'NVIDIA GeForce GTX 1080' (P:1 D:1)
[2018.05.07-09.31.15:642][  0]LogWindows:    1. 'NVIDIA GeForce GTX 1080' (P:0 D:0)
[2018.05.07-09.31.15:642][  0]LogWindows:    2. 'NVIDIA GeForce GTX 1080' (P:0 D:0)
[2018.05.07-09.31.15:643][  0]LogWindows:    3. 'NVIDIA GeForce GTX 1080' (P:0 D:0)
[2018.05.07-09.31.15:643][  0]LogWindows: DebugString: GetVideoDriverDetailsInvalid PrimaryIsNotTheChoosenAdapter GetVideoDriverDetailsInvalid PrimaryIsNotTheChoosenAdapter GetVideoDriverDetailsInvalid PrimaryIsNotTheChoosenAdapter GetVideoDriverDetailsInvalid PrimaryIsNotTheChoosenAdapter FoundDriverCount:0 
[2018.05.07-09.31.15:643][  0]LogD3D11RHI:     Adapter Name: NVIDIA GeForce GTX 1080
[2018.05.07-09.31.15:643][  0]LogD3D11RHI:   Driver Version: Unknown (internal:Unknown, unified:Unknown)
[2018.05.07-09.31.15:643][  0]LogD3D11RHI:      Driver Date: Unknown
[2018.05.07-09.31.15:643][  0]LogRHI: Texture pool is 5655 MB (70% of 8079 MB)
[2018.05.07-09.31.15:672][  0]LogD3D11RHI: [Aftermath] Aftermath enabled and primed
[2018.05.07-09.31.15:672][  0]LogD3D11RHI: [Aftermath] Aftermath enabled and primed
[2018.05.07-09.31.15:672][  0]LogD3D11RHI: Async texture creation enabled
[2018.05.07-09.31.15:699][  0]LogD3D11RHI: GPU Timing Frequency: 1000.000000 (Debug: 2 2)
[2018.05.07-09.31.15:750][  0]LogShaderCompilers: Guid format shader working directory is 3 characters bigger than the processId version (C:/Users/i3/Documents/GitHub/BRG_Project/Intermediate/Shaders/WorkingDirectory/5272/).
[2018.05.07-09.31.15:751][  0]LogShaderCompilers: Cleaned the shader compiler working directory 'C:/Users/i3/AppData/Local/Temp/UnrealShaderWorkingDir/3DD8E73C43A2AA25E0C30CBA244E4AC3/'.
[2018.05.07-09.31.16:031][  0]LogTemp: Display: Loaded TP AllDesktopTargetPlatform
[2018.05.07-09.31.16:042][  0]LogTemp: Display: Loaded TP MacClientTargetPlatform
[2018.05.07-09.31.16:054][  0]LogTemp: Display: Loaded TP MacNoEditorTargetPlatform
[2018.05.07-09.31.16:065][  0]LogTemp: Display: Loaded TP MacServerTargetPlatform
[2018.05.07-09.31.16:076][  0]LogTemp: Display: Loaded TP MacTargetPlatform
[2018.05.07-09.31.16:088][  0]LogTemp: Display: Loaded TP WindowsClientTargetPlatform
[2018.05.07-09.31.16:099][  0]LogTemp: Display: Loaded TP WindowsNoEditorTargetPlatform
[2018.05.07-09.31.16:111][  0]LogTemp: Display: Loaded TP WindowsServerTargetPlatform
[2018.05.07-09.31.16:116][  0]LogTemp: Display: Loaded TP WindowsTargetPlatform
[2018.05.07-09.31.16:126][  0]LogTemp: Display: Loaded TP Android_ASTCTargetPlatform
[2018.05.07-09.31.16:137][  0]LogTemp: Display: Loaded TP Android_ATCTargetPlatform
[2018.05.07-09.31.16:148][  0]LogTemp: Display: Loaded TP Android_DXTTargetPlatform
[2018.05.07-09.31.16:158][  0]LogTemp: Display: Loaded TP Android_ETC1aTargetPlatform
[2018.05.07-09.31.16:168][  0]LogTemp: Display: Loaded TP Android_ETC1TargetPlatform
[2018.05.07-09.31.16:178][  0]LogTemp: Display: Loaded TP Android_ETC2TargetPlatform
[2018.05.07-09.31.16:199][  0]LogTemp: Display: Loaded TP Android_MultiTargetPlatform
[2018.05.07-09.31.16:199][  0]LogTemp: Display: Loaded TP Android_PVRTCTargetPlatform
[2018.05.07-09.31.16:209][  0]LogTemp: Display: Loaded TP AndroidTargetPlatform
[2018.05.07-09.31.16:210][  0]LogTemp: Display: Loaded TP HTML5TargetPlatform
[2018.05.07-09.31.16:244][  0]LogTemp: Display: Loaded TP IOSTargetPlatform
[2018.05.07-09.31.16:254][  0]LogTemp: Display: Loaded TP TVOSTargetPlatform
[2018.05.07-09.31.16:264][  0]LogTemp: Display: Loaded TP LinuxClientTargetPlatform
[2018.05.07-09.31.16:274][  0]LogTemp: Display: Loaded TP LinuxNoEditorTargetPlatform
[2018.05.07-09.31.16:285][  0]LogTemp: Display: Loaded TP LinuxServerTargetPlatform
[2018.05.07-09.31.16:296][  0]LogTemp: Display: Loaded TP LinuxTargetPlatform
[2018.05.07-09.31.16:296][  0]LogTargetPlatformManager: Display: Building Assets For Windows
[2018.05.07-09.31.16:382][  0]LogXGEController: Cannot use XGE Controller as Incredibuild is not installed on this machine.
[2018.05.07-09.31.16:382][  0]LogShaderCompilers: Cannot use XGE Shader Compiler as Incredibuild is not installed on this machine.
[2018.05.07-09.31.16:382][  0]LogShaderCompilers: Display: Using Local Shader Compiler.
[2018.05.07-09.31.16:963][  0]LogDerivedDataCache: Display: Max Cache Size: 512 MB
[2018.05.07-09.31.17:047][  0]LogDerivedDataCache: Loaded boot cache 0.08s 74MB C:/Users/i3/AppData/Local/UnrealEngine/4.19/DerivedDataCache/Boot.ddc.
[2018.05.07-09.31.17:047][  0]LogDerivedDataCache: Display: Loaded Boot cache: C:/Users/i3/AppData/Local/UnrealEngine/4.19/DerivedDataCache/Boot.ddc
[2018.05.07-09.31.17:047][  0]LogDerivedDataCache: FDerivedDataBackendGraph:  Pak pak cache file C:/Users/i3/Documents/GitHub/BRG_Project/DerivedDataCache/DDC.ddp not found, will not use a pak cache.
[2018.05.07-09.31.17:047][  0]LogDerivedDataCache: Unable to find inner node Pak for hierarchical cache Hierarchy.
[2018.05.07-09.31.17:048][  0]LogDerivedDataCache: FDerivedDataBackendGraph:  CompressedPak pak cache file C:/Users/i3/Documents/GitHub/BRG_Project/DerivedDataCache/Compressed.ddp not found, will not use a pak cache.
[2018.05.07-09.31.17:048][  0]LogDerivedDataCache: Unable to find inner node CompressedPak for hierarchical cache Hierarchy.
[2018.05.07-09.31.17:061][  0]LogDerivedDataCache: Display: Pak cache opened for reading ../../../Engine/DerivedDataCache/Compressed.ddp.
[2018.05.07-09.31.17:074][  0]LogDerivedDataCache: Using Local data cache path C:/Users/i3/AppData/Local/UnrealEngine/Common/DerivedDataCache: Writable
[2018.05.07-09.31.17:084][  0]LogMaterial: Verifying Global Shaders for PCD3D_SM5
[2018.05.07-09.31.17:084][  0]LogSlate: Using Freetype 2.6.0
[2018.05.07-09.31.17:085][  0]LogSlate: SlateFontCache - WITH_FREETYPE: 1, WITH_HARFBUZZ: 1
[2018.05.07-09.31.17:085][  0]LogSlate: SlateFontCache - WITH_FREETYPE: 1, WITH_HARFBUZZ: 1
[2018.05.07-09.31.17:199][  0]LogAssetRegistry: FAssetRegistry took 0.0251 seconds to start up
[2018.05.07-09.31.17:456][  0]LogInit: Selected Device Profile: [Windows]
[2018.05.07-09.31.17:583][  0]LogSimplygon: Simplygon DLL not present - disabling.
[2018.05.07-09.31.17:585][  0]LogMeshReduction: Using SimplygonSwarm for distributed automatic mesh merging
[2018.05.07-09.31.17:585][  0]LogMeshReduction: Using QuadricMeshReduction for automatic static mesh reduction
[2018.05.07-09.31.17:585][  0]LogMeshReduction: No automatic skeletal mesh reduction module available
[2018.05.07-09.31.17:585][  0]LogMeshReduction: No automatic mesh merging module available
[2018.05.07-09.31.17:585][  0]LogMeshMerging: No automatic mesh merging module available
[2018.05.07-09.31.17:612][  0]LogNetVersion: BRG_Project , NetCL: 3944462, EngineNetVer: 2, GameNetVer: 0 (Checksum: 3504874490)
[2018.05.07-09.31.18:111][  0]LogPackageLocalizationCache: Processed 9 localized package path(s) for 1 prioritized culture(s) in 0.127095 seconds
[2018.05.07-09.31.18:116][  0]LogUObjectArray: 36728 objects as part of root set at end of initial load.
[2018.05.07-09.31.18:116][  0]LogUObjectAllocator: 7314312 out of 0 bytes used by permanent object pool.
[2018.05.07-09.31.18:116][  0]LogUObjectArray: CloseDisregardForGC: 0/0 objects in disregard for GC pool
[2018.05.07-09.31.19:664][  0]LogTcpMessaging: Initializing TcpMessaging bridge
[2018.05.07-09.31.19:691][  0]LogUdpMessaging: Initializing bridge on interface 0.0.0.0:0 to multicast group 230.0.0.1:6666.
[2018.05.07-09.31.20:025][  0]SourceControl: Source control is disabled
[2018.05.07-09.31.20:025][  0]SourceControl: Source control is disabled
[2018.05.07-09.31.20:040][  0]SourceControl: Source control is disabled
[2018.05.07-09.31.20:055][  0]SourceControl: Source control is disabled
[2018.05.07-09.31.20:462][  0]LogAndroidPermission: UAndroidPermissionCallbackProxy::GetInstance
[2018.05.07-09.31.20:585][  0]LogOcInput: OculusInput pre-init called
[2018.05.07-09.31.20:675][  0]LogEngine: Initializing Engine...
[2018.05.07-09.31.20:676][  0]LogHMD: Failed to initialize OpenVR with code 110
[2018.05.07-09.31.20:677][  0]LogStats: UGameplayTagsManager::ConstructGameplayTagTree: Construct from data asset -  0.000 s
[2018.05.07-09.31.20:677][  0]LogStats: UGameplayTagsManager::ConstructGameplayTagTree: GameplayTagTreeChangedEvent.Broadcast -  0.000 s
[2018.05.07-09.31.20:895][  0]LogAIModule: Creating AISystem for world Untitled
[2018.05.07-09.31.20:963][  0]LogInit: XAudio2 using 'Głośniki (Realtek High Definition Audio)' : 2 channels at 48 kHz using 32 bits per sample (channel mask 0x3)
[2018.05.07-09.31.20:980][  0]LogInit: FAudioDevice initialized.
[2018.05.07-09.31.21:296][  0]LogDerivedDataCache: Saved boot cache 0.32s 74MB C:/Users/i3/AppData/Local/UnrealEngine/4.19/DerivedDataCache/Boot.ddc.
[2018.05.07-09.31.21:311][  0]LogInit: Texture streaming: Enabled
[2018.05.07-09.31.21:325][  0]LogEngineSessionManager: EngineSessionManager initialized
[2018.05.07-09.31.21:336][  0]LogInit: Transaction tracking system initialized
[2018.05.07-09.31.21:354][  0]BlueprintLog: New page: Editor Load
[2018.05.07-09.31.21:412][  0]LocalizationService: Localization service is disabled
[2018.05.07-09.31.21:497][  0]LogConsoleResponse: Display: 
[2018.05.07-09.31.21:616][  0]LogAutoReimportManager: Warning: Unable to watch directory C:/Users/i3/Documents/GitHub/BRG_Project/Content/ as it doesn't exist.
[2018.05.07-09.31.21:616][  0]LogCook: Display: Max memory allowance for cook 16384mb min free memory 0mb
[2018.05.07-09.31.21:616][  0]LogCook: Display: Mobile HDR setting 1
[2018.05.07-09.31.21:616][  0]LogGameplayTags: Display: UGameplayTagsManager::DoneAddingNativeTags. DelegateIsBound: 0
[2018.05.07-09.31.21:616][  0]LogStats: UGameplayTagsManager::ConstructGameplayTagTree: Construct from data asset -  0.000 s
[2018.05.07-09.31.21:616][  0]LogStats: UGameplayTagsManager::ConstructGameplayTagTree: GameplayTagTreeChangedEvent.Broadcast -  0.000 s
[2018.05.07-09.31.21:911][  0]SourceControl: Source control is disabled
[2018.05.07-09.31.21:911][  0]Cmd: MAP LOAD FILE="../../../Engine/Content/Maps/Templates/Template_Default.umap" TEMPLATE=1 SHOWPROGRESS=1 FEATURELEVEL=3
[2018.05.07-09.31.21:912][  0]LightingResults: New page: Lighting Build
[2018.05.07-09.31.21:914][  0]MapCheck: New page: Map Check
[2018.05.07-09.31.21:914][  0]LightingResults: New page: Lighting Build
[2018.05.07-09.31.22:080][  0]LogAIModule: Creating AISystem for world Untitled_1
[2018.05.07-09.31.22:086][  0]LogEditorServer: Finished looking for orphan Actors (0.000 secs)
[2018.05.07-09.31.22:100][  0]Cmd: MAP CHECKDEP NOCLEARLOG
[2018.05.07-09.31.22:138][  0]MapCheck: Map check complete: 0 Error(s), 0 Warning(s), took 37,713ms to complete.
[2018.05.07-09.31.22:138][  0]LogFileHelpers: Loading map 'Template_Default' took 0.226
[2018.05.07-09.31.22:280][  0]LogCollectionManager: Loaded 0 collections in 0.001151 seconds
[2018.05.07-09.31.22:322][  0]LogFileCache: Scanning file cache for directory 'C:/Users/i3/Documents/GitHub/BRG_Project/Saved/Collections/' took 0.01s
[2018.05.07-09.31.22:322][  0]LogFileCache: Scanning file cache for directory 'C:/Users/i3/Documents/GitHub/BRG_Project/Content/Developers/i3/Collections/' took 0.01s
[2018.05.07-09.31.22:322][  0]LogFileCache: Scanning file cache for directory 'C:/Users/i3/Documents/GitHub/BRG_Project/Content/Collections/' took 0.01s
[2018.05.07-09.31.22:322][  0]LogCollectionManager: Rebuilt the GUID cache for 0 collections in 0.000000 seconds
[2018.05.07-09.31.22:331][  0]LogContentBrowser: Native class hierarchy populated in 0.0093 seconds. Added 2453 classes and 560 folders.
[2018.05.07-09.31.22:338][  0]LogContentBrowser: Native class hierarchy updated for 'WidgetCarousel' in 0.0007 seconds. Added 0 classes and 0 folders.
[2018.05.07-09.31.22:377][  0]LogContentBrowser: Native class hierarchy updated for 'AddContentDialog' in 0.0007 seconds. Added 0 classes and 0 folders.
[2018.05.07-09.31.22:382][  0]LogContentBrowser: Native class hierarchy updated for 'SceneOutliner' in 0.0008 seconds. Added 1 classes and 2 folders.
[2018.05.07-09.31.22:399][  0]LogSlate: Took 0.000185 seconds to synchronously load lazily loaded font '../../../Engine/Content/Slate/Fonts/Roboto-Regular.ttf' (155K)
[2018.05.07-09.31.22:401][  0]LogSlate: Took 0.000321 seconds to synchronously load lazily loaded font '../../../Engine/Content/Slate/Fonts/Roboto-Bold.ttf' (160K)
[2018.05.07-09.31.22:407][  0]LogSlate: Took 0.000226 seconds to synchronously load lazily loaded font '../../../Engine/Content/Editor/Slate/Fonts/FontAwesome.ttf' (139K)
[2018.05.07-09.31.22:498][  0]LogRenderer: Reallocating scene render targets to support 1208x576 Format 10 NumSamples 1 (Frame:1).
[2018.05.07-09.31.22:694][  0]LogSlate: FSceneViewport::OnFocusLost() reason 2
[2018.05.07-09.31.22:706][  0]LogSlate: Window 'Tutorials' being destroyed
[2018.05.07-09.31.22:736][  0]LogContentBrowser: Native class hierarchy updated for 'HierarchicalLODOutliner' in 0.0008 seconds. Added 0 classes and 0 folders.
[2018.05.07-09.31.22:736][  0]LogLoad: (Engine Initialization) Total time: 10.43 seconds
[2018.05.07-09.31.22:736][  0]LogLoad: (Engine Initialization) Total Blueprint compile time: 0.00 seconds
[2018.05.07-09.31.22:745][  0]LogWindowsTextInputMethodSystem: Display: IME system now deactivated.
[2018.05.07-09.31.22:762][  0]LogContentStreaming: Texture pool size now 1000 MB
[2018.05.07-09.31.23:109][ 30]LogAssetRegistry: Asset discovery search completed in 5.9313 seconds
[2018.05.07-09.31.23:111][ 30]LogCollectionManager: Rebuilt the object cache for 0 collections in 0.000001 seconds (found 0 objects)
[2018.05.07-09.31.23:111][ 30]LogCollectionManager: Fixed up redirectors for 0 collections in 0.000084 seconds (updated 0 objects)
[2018.05.07-09.31.25:696][334]LogEditorViewport: Clicking on Actor (LMB): StaticMeshActor (Floor)
[2018.05.07-09.31.27:087][488]Cmd: DELETE
[2018.05.07-09.31.27:087][488]Cmd: ACTOR DELETE
[2018.05.07-09.31.27:088][488]LogEditorActor: Deleted Actor: StaticMeshActor
[2018.05.07-09.31.27:124][488]LogEditorActor: Deleted 1 Actors (0.037 secs)
[2018.05.07-09.31.28:006][592]Cmd: EDIT PASTE
[2018.05.07-09.31.34:276][ 26]LogEditorViewport: Clicking on Actor (LMB): BP_Sky_Sphere_C (Sky Sphere)
[2018.05.07-09.31.38:863][539]LogSlate: FSceneViewport::OnFocusLost() reason 2
[2018.05.07-09.31.46:082][539]LogSlate: Window 'Save Level As' being destroyed
[2018.05.07-09.31.46:087][539]LogSlate: FSceneViewport::OnFocusLost() reason 3
[2018.05.07-09.31.46:129][539]LogSlate: Took 0.000227 seconds to synchronously load lazily loaded font '../../../Engine/Content/Slate/Fonts/Roboto-Light.ttf' (167K)
[2018.05.07-09.31.46:140][539]Cmd: OBJ SAVEPACKAGE PACKAGE="/Game/Maps/ChurchV1" FILE="C:/Users/i3/Documents/GitHub/BRG_Project/Content/Maps/ChurchV1.umap" SILENT=true AUTOSAVING=false KEEPDIRTY=false
[2018.05.07-09.31.46:614][539]LogSavePackage: Save=459.74ms
[2018.05.07-09.31.46:614][539]LogSavePackage: Moving 'C:/Users/i3/Documents/GitHub/BRG_Project/Saved/ChurchV180C54C954D70B4D1FAE48E868C428A21.tmp' to 'C:/Users/i3/Documents/GitHub/BRG_Project/Content/Maps/ChurchV1.umap'
[2018.05.07-09.31.46:619][539]LogSavePackage: Display: Finished SavePackage C:/Users/i3/Documents/GitHub/BRG_Project/Content/Maps/ChurchV1.umap
[2018.05.07-09.31.46:633][539]Cmd: OBJ SAVEPACKAGE PACKAGE="/Game/Maps/ChurchV1_BuiltData" FILE="C:/Users/i3/Documents/GitHub/BRG_Project/Content/Maps/ChurchV1_BuiltData.uasset" SILENT=true
[2018.05.07-09.31.46:644][539]LogSavePackage: Save=9.06ms
[2018.05.07-09.31.46:645][539]LogSavePackage: Moving 'C:/Users/i3/Documents/GitHub/BRG_Project/Saved/ChurchV1_BuiltData08164FB14B8228B4D7C16892598C7F6F.tmp' to 'C:/Users/i3/Documents/GitHub/BRG_Project/Content/Maps/ChurchV1_BuiltData.uasset'
[2018.05.07-09.31.46:646][539]LogSavePackage: Display: Finished SavePackage C:/Users/i3/Documents/GitHub/BRG_Project/Content/Maps/ChurchV1_BuiltData.uasset
[2018.05.07-09.31.46:650][539]LogFileHelpers: Saving map 'ChurchV1' took 0.562
[2018.05.07-09.31.57:412][554]LogSlate: FSceneViewport::OnFocusLost() reason 0
[2018.05.07-09.31.57:545][570]LogTemp: Repeating last play command: Selected Viewport
[2018.05.07-09.31.57:573][570]LogPlayLevel: PlayLevel: No blueprints needed recompiling
[2018.05.07-09.31.57:573][570]PIE: New page: PIE session: ChurchV1 (7 maj 2018, 13:31:57)
[2018.05.07-09.31.57:573][570]LogPlayLevel: Creating play world package: /Game/Maps/UEDPIE_0_ChurchV1
[2018.05.07-09.31.57:629][570]LogPlayLevel: PIE: StaticDuplicateObject took: (0.055256s)
[2018.05.07-09.31.57:630][570]LogAIModule: Creating AISystem for world ChurchV1
[2018.05.07-09.31.57:630][570]LogPlayLevel: PIE: World Init took: (0.001161s)
[2018.05.07-09.31.57:630][570]LogPlayLevel: PIE: Created PIE world by copying editor world from /Game/Maps/ChurchV1.ChurchV1 to /Game/Maps/UEDPIE_0_ChurchV1.ChurchV1 (0.056710s)
[2018.05.07-09.31.57:646][570]LogInit: XAudio2 using 'Głośniki (Realtek High Definition Audio)' : 2 channels at 48 kHz using 32 bits per sample (channel mask 0x3)
[2018.05.07-09.31.57:658][570]LogInit: FAudioDevice initialized.
[2018.05.07-09.31.57:712][570]LogLoad: Game class is 'GameModeBase'
[2018.05.07-09.31.57:728][570]LogWorld: Bringing World /Game/Maps/UEDPIE_0_ChurchV1.ChurchV1 up for play (max tick rate 0) at 2018.05.07-11.31.57
[2018.05.07-09.31.57:728][570]LogWorld: Bringing up level for play took: 0.011990
[2018.05.07-09.31.57:748][570]LogContentBrowser: Native class hierarchy updated for 'MovieSceneCapture' in 0.0012 seconds. Added 11 classes and 0 folders.
[2018.05.07-09.31.57:766][570]PIE: Play in editor start time for /Game/Maps/UEDPIE_0_ChurchV1 0,679
[2018.05.07-09.32.11:075][132]LogSlate: FSceneViewport::OnFocusLost() reason 0
[2018.05.07-09.32.18:785][986]Cmd: DELETE
[2018.05.07-09.32.18:785][986]Cmd: ACTOR DELETE
[2018.05.07-09.32.18:805][986]LogEditorActor: Deleted Actor: Brush
[2018.05.07-09.32.19:003][986]LogEditorActor: Deleted 1 Actors (0.218 secs)
[2018.05.07-09.32.19:612][ 50]Cmd: DELETE
[2018.05.07-09.32.19:612][ 50]Cmd: ACTOR DELETE
[2018.05.07-09.32.19:629][ 50]LogEditorActor: Deleted Actor: Brush
[2018.05.07-09.32.19:822][ 50]LogEditorActor: Deleted 1 Actors (0.210 secs)
[2018.05.07-09.32.25:618][722]LogSlate: FSceneViewport::OnFocusLost() reason 2
[2018.05.07-09.32.25:622][722]Cmd: OBJ SAVEPACKAGE PACKAGE="/Game/Maps/ChurchV1" FILE="C:/Users/i3/Documents/GitHub/BRG_Project/Content/Maps/ChurchV1.umap" SILENT=true AUTOSAVING=false KEEPDIRTY=false
[2018.05.07-09.32.26:080][722]LogSavePackage: Save=437.77ms
[2018.05.07-09.32.26:081][722]LogSavePackage: Moving 'C:/Users/i3/Documents/GitHub/BRG_Project/Saved/ChurchV17A684EEB4238C8B2F490C2A74DE60A7A.tmp' to 'C:/Users/i3/Documents/GitHub/BRG_Project/Content/Maps/ChurchV1.umap'
[2018.05.07-09.32.26:085][722]LogSavePackage: Display: Finished SavePackage C:/Users/i3/Documents/GitHub/BRG_Project/Content/Maps/ChurchV1.umap
[2018.05.07-09.32.26:125][722]Cmd: OBJ SAVEPACKAGE PACKAGE="/Game/Maps/ChurchV1_BuiltData" FILE="C:/Users/i3/Documents/GitHub/BRG_Project/Content/Maps/ChurchV1_BuiltData.uasset" SILENT=true
[2018.05.07-09.32.26:137][722]LogSavePackage: Save=8.03ms
[2018.05.07-09.32.26:138][722]LogSavePackage: Moving 'C:/Users/i3/Documents/GitHub/BRG_Project/Saved/ChurchV1_BuiltDataF67E36674FAF3A77BF8DF78A1D4A22E0.tmp' to 'C:/Users/i3/Documents/GitHub/BRG_Project/Content/Maps/ChurchV1_BuiltData.uasset'
[2018.05.07-09.32.26:140][722]LogSavePackage: Display: Finished SavePackage C:/Users/i3/Documents/GitHub/BRG_Project/Content/Maps/ChurchV1_BuiltData.uasset
[2018.05.07-09.32.27:462][848]LogSlate: FSceneViewport::OnFocusLost() reason 0
[2018.05.07-09.32.27:953][907]LogTemp: Repeating last play command: Selected Viewport
[2018.05.07-09.32.27:978][907]LogPlayLevel: PlayLevel: No blueprints needed recompiling
[2018.05.07-09.32.27:979][907]PIE: New page: PIE session: ChurchV1 (7 maj 2018, 13:32:27)
[2018.05.07-09.32.27:979][907]LogPlayLevel: Creating play world package: /Game/Maps/UEDPIE_0_ChurchV1
[2018.05.07-09.32.28:036][907]LogPlayLevel: PIE: StaticDuplicateObject took: (0.056656s)
[2018.05.07-09.32.28:037][907]LogAIModule: Creating AISystem for world ChurchV1
[2018.05.07-09.32.28:037][907]LogPlayLevel: PIE: World Init took: (0.000882s)
[2018.05.07-09.32.28:037][907]LogPlayLevel: PIE: Created PIE world by copying editor world from /Game/Maps/ChurchV1.ChurchV1 to /Game/Maps/UEDPIE_0_ChurchV1.ChurchV1 (0.057793s)
[2018.05.07-09.32.28:054][907]LogInit: XAudio2 using 'Głośniki (Realtek High Definition Audio)' : 2 channels at 48 kHz using 32 bits per sample (channel mask 0x3)
[2018.05.07-09.32.28:065][907]LogInit: FAudioDevice initialized.
[2018.05.07-09.32.28:104][907]LogLoad: Game class is 'GameModeBase'
[2018.05.07-09.32.28:116][907]LogWorld: Bringing World /Game/Maps/UEDPIE_0_ChurchV1.ChurchV1 up for play (max tick rate 0) at 2018.05.07-11.32.28
[2018.05.07-09.32.28:116][907]LogWorld: Bringing up level for play took: 0.009832
[2018.05.07-09.32.28:118][907]PIE: Play in editor start time for /Game/Maps/UEDPIE_0_ChurchV1 1,03
[2018.05.07-09.32.54:174][615]LogSlate: FSceneViewport::OnFocusLost() reason 2
[2018.05.07-09.32.54:178][615]Cmd: OBJ SAVEPACKAGE PACKAGE="/Game/Maps/ChurchV1" FILE="C:/Users/i3/Documents/GitHub/BRG_Project/Content/Maps/ChurchV1.umap" SILENT=true AUTOSAVING=false KEEPDIRTY=false
[2018.05.07-09.32.54:617][615]LogSavePackage: Save=426.38ms
[2018.05.07-09.32.54:617][615]LogSavePackage: Moving 'C:/Users/i3/Documents/GitHub/BRG_Project/Saved/ChurchV1B7906012407F5BD1393408B007CB4760.tmp' to 'C:/Users/i3/Documents/GitHub/BRG_Project/Content/Maps/ChurchV1.umap'
[2018.05.07-09.32.54:620][615]LogSavePackage: Display: Finished SavePackage C:/Users/i3/Documents/GitHub/BRG_Project/Content/Maps/ChurchV1.umap
[2018.05.07-09.32.54:634][615]Cmd: OBJ SAVEPACKAGE PACKAGE="/Game/Maps/ChurchV1_BuiltData" FILE="C:/Users/i3/Documents/GitHub/BRG_Project/Content/Maps/ChurchV1_BuiltData.uasset" SILENT=true
[2018.05.07-09.32.54:644][615]LogSavePackage: Save=7.44ms
[2018.05.07-09.32.54:644][615]LogSavePackage: Moving 'C:/Users/i3/Documents/GitHub/BRG_Project/Saved/ChurchV1_BuiltData46AFE9584DA0C49F681C7BB382522716.tmp' to 'C:/Users/i3/Documents/GitHub/BRG_Project/Content/Maps/ChurchV1_BuiltData.uasset'
[2018.05.07-09.32.54:646][615]LogSavePackage: Display: Finished SavePackage C:/Users/i3/Documents/GitHub/BRG_Project/Content/Maps/ChurchV1_BuiltData.uasset
